[2022-05-30 22:35:03,603] [파일 정렬 기능]을 사용하여 C:/Users/CDH/Desktop/3학년 수강/운영체제에서 C:/Users/CDH/Desktop/새 폴더(으)로 9개의 파일이 ['txt', '3주차', '4주차', '1주차', '10주차', '2주차']종류별로 정리 되었습니다.
[2022-05-30 22:35:11,661] [파일 정렬 기능]을 사용하여 C:/Users/CDH/Desktop/3학년 수강/운영체제에서 C:/Users/CDH/Desktop/새 폴더(으)로 0개의 파일이 []종류별로 정리 되었습니다.
[2022-05-30 22:38:21,692] [파일 정렬 기능]을 사용하여 C:/Users/CDH/Desktop/3학년 수강/운영체제에서 C:/Users/CDH/Desktop/새 폴더(으)로 0개의 파일이 ['11주차', 'txt', '4주차', '1주차', '10주차', '2주차']종류별로 정리 되었습니다.
[2022-05-30 22:46:24,640] [파일 정렬 기능]을 사용하여 C:/Users/CDH/Desktop/3학년 수강/운영체제에서 C:/Users/CDH/Desktop/새 폴더(으)로 0개의 파일이 ['txt', '10주차', '2주차', '1주차', '11주차', '4주차']종류별로 정리 되었습니다.
[2022-06-01 16:02:03,083] [파일 정렬 기능]을 사용하여 C:/Users/CDH/Desktop/3학년 수강/운영체제에서 C:/Users/CDH/Desktop/새 폴더(으)로 0개의 파일이 ['11주차', '4주차', '1주차', 'txt', '10주차', '2주차']종류별로 정리 되었습니다.
[2022-06-01 16:03:16,511] [파일 정렬 기능]을 사용하여 C:/Users/CDH/Desktop/3학년 수강/운영체제에서 C:/Users/CDH/Desktop/새 폴더(으)로 0개의 파일이 ['4주차', '2주차', '1주차', '11주차', 'txt', '10주차']종류별로 정리 되었습니다.
[2022-06-01 16:20:26,070] [파일 정렬 기능]을 사용하여 C:/Users/CDH/Desktop/3학년 수강/운영체제에서 C:/Users/CDH/Desktop/새 폴더(으)로 0개의 파일이 ['1주차', '10주차', 'txt', '11주차', '4주차', '2주차']종류별로 정리 되었습니다.
[2022-06-01 16:20:40,275] [파일 정렬 기능]을 사용하여 C:/Users/CDH/Desktop/3학년 수강/운영체제에서 C:/Users/CDH/Desktop/새 폴더(으)로 0개의 파일이 ['1주차', '10주차', 'txt', '11주차', '4주차', '2주차']종류별로 정리 되었습니다.
[2022-06-01 16:25:11,530] [파일 정렬 기능]을 사용하여 C:/Users/CDH/Desktop/3학년 수강/운영체제에서 C:/Users/CDH/Desktop/새 폴더(으)로 0개의 파일이 ['4주차', '1주차', '10주차', '11주차', '2주차', 'txt']종류별로 정리 되었습니다.
[2022-06-01 17:02:08,781] [파일 정렬 기능]을 사용하여 C:/Users/CDH/Desktop/3학년 수강/운영체제에서 C:/Users/CDH/Desktop/새 폴더(으)로 0개의 파일이 ['11주차', 'txt', '1주차', '2주차', '10주차', '4주차']종류별로 정리 되었습니다.
[2022-06-01 17:02:20,627] [파일 정렬 기능]을 사용하여 C:/Users/CDH/Desktop/3학년 수강/운영체제에서 C:/Users/CDH/Desktop/새 폴더(으)로 0개의 파일이 ['11주차', 'txt', '1주차', '2주차', '10주차', '4주차']종류별로 정리 되었습니다.
[2022-06-01 17:26:00,673] [파일 정렬 기능]을 사용하여 C:/Users/CDH/Desktop/3학년 수강/운영체제에서 C:/Users/CDH/Desktop/새 폴더(으)로 0개의 파일이 ['10주차', '11주차', '1주차', 'txt', '2주차', '4주차']종류별로 정리 되었습니다.
[2022-06-01 17:26:10,453] [파일 정렬 기능]을 사용하여 C:/Users/CDH/Desktop/3학년 수강/운영체제에서 C:/Users/CDH/Desktop/새 폴더(으)로 0개의 파일이 ['10주차', '11주차', '1주차', 'txt', '2주차', '4주차']종류별로 정리 되었습니다.
[2022-06-01 17:55:23,160] [파일 정렬 기능]을 사용하여 C:/Users/CDH/Desktop/3학년 수강/운영체제에서 C:/Users/CDH/Desktop/새 폴더(으)로 0개의 파일이 ['10주차', '4주차', '11주차', 'txt', '1주차', '2주차']종류별로 정리 되었습니다.
[2022-06-01 17:56:05,949] [파일 정렬 기능]을 사용하여 C:/Users/CDH/Desktop/3학년 수강/운영체제에서 C:/Users/CDH/Desktop/새 폴더(으)로 0개의 파일이 ['10주차', '4주차', '11주차', 'txt', '1주차', '2주차']종류별로 정리 되었습니다.
[2022-06-01 17:57:57,587] [파일 정렬 기능]을 사용하여 C:/Users/CDH/Desktop/3학년 수강/운영체제에서 C:/Users/CDH/Desktop/새 폴더(으)로 0개의 파일이 ['1주차', '11주차', 'txt', '10주차', '4주차', '2주차']종류별로 정리 되었습니다.
[2022-06-01 17:58:06,207] [파일 정렬 기능]을 사용하여 C:/Users/CDH/Desktop/3학년 수강/운영체제에서 C:/Users/CDH/Desktop/새 폴더(으)로 0개의 파일이 ['1주차', '11주차', 'txt', '10주차', '4주차', '2주차']종류별로 정리 되었습니다.
[2022-06-01 17:59:39,165] [파일 정렬 기능]을 사용하여 C:/Users/CDH/Desktop/3학년 수강/운영체제에서 C:/Users/CDH/Desktop/새 폴더(으)로 0개의 파일이 ['2주차', '1주차', '4주차', 'txt', '11주차', '10주차']종류별로 정리 되었습니다.
[2022-06-01 17:59:50,142] [파일 정렬 기능]을 사용하여 C:/Users/CDH/Desktop/3학년 수강/운영체제에서 C:/Users/CDH/Desktop/새 폴더(으)로 0개의 파일이 ['2주차', '1주차', '4주차', 'txt', '11주차', '10주차']종류별로 정리 되었습니다.
[2022-06-01 18:00:43,598] [파일 정렬 기능]을 사용하여 C:/Users/CDH/Desktop/3학년 수강/운영체제에서 C:/Users/CDH/Desktop/새 폴더(으)로 0개의 파일이 ['2주차', '1주차', '4주차', 'txt', '11주차', '10주차']종류별로 정리 되었습니다.
[2022-06-01 18:00:51,822] [파일 정렬 기능]을 사용하여 C:/Users/CDH/Desktop/3학년 수강/운영체제에서 C:/Users/CDH/Desktop/새 폴더(으)로 0개의 파일이 ['2주차', '1주차', '4주차', 'txt', '11주차', '10주차']종류별로 정리 되었습니다.
[2022-06-01 18:06:18,990] [파일 정렬 기능]을 사용하여 C:/Users/CDH/Desktop/3학년 수강/운영체제에서 C:/Users/CDH/Desktop/새 폴더(으)로 0개의 파일이 ['1주차', '4주차', '2주차', '11주차', 'txt', '10주차']종류별로 정리 되었습니다.
[2022-06-01 18:10:08,946] [파일 정렬 기능]을 사용하여 C:/Users/CDH/Desktop/3학년 수강/운영체제에서 C:/Users/CDH/Desktop/새 폴더(으)로 0개의 파일이 ['4주차', '11주차', '1주차', 'txt', '2주차', '10주차']종류별로 정리 되었습니다.
[2022-06-01 18:10:12,716] [파일 정렬 기능]을 사용하여 C:/Users/CDH/Desktop/3학년 수강/운영체제에서 C:/Users/CDH/Desktop/새 폴더(으)로 0개의 파일이 ['4주차', '11주차', '1주차', 'txt', '2주차', '10주차']종류별로 정리 되었습니다.
[2022-06-01 18:10:43,712] [파일 정렬 기능]을 사용하여 C:/Users/CDH/Desktop/3학년 수강/운영체제에서 C:/Users/CDH/Desktop/새 폴더(으)로 0개의 파일이 ['4주차', '1주차', 'txt', '2주차', '10주차', '11주차']종류별로 정리 되었습니다.
[2022-06-01 18:11:08,526] [파일 정렬 기능]을 사용하여 C:/Users/CDH/Desktop/3학년 수강/운영체제에서 C:/Users/CDH/Desktop/새 폴더(으)로 0개의 파일이 ['4주차', '1주차', 'txt', '2주차', '10주차', '11주차']종류별로 정리 되었습니다.
[2022-06-01 18:14:08,924] [파일 정렬 기능]을 사용하여 C:/Users/CDH/Desktop/3학년 수강/운영체제에서 C:/Users/CDH/Desktop/새 폴더(으)로 0개의 파일이 ['txt', '2주차', '1주차', '4주차', '10주차', '11주차']종류별로 정리 되었습니다.
[2022-06-01 18:15:44,119] [파일 정렬 기능]을 사용하여 C:/Users/CDH/Desktop/3학년 수강/운영체제에서 C:/Users/CDH/Desktop/새 폴더(으)로 0개의 파일이 ['1주차', '2주차', '10주차', '4주차', 'txt', '11주차']종류별로 정리 되었습니다.
[2022-06-01 18:16:15,905] [파일 정렬 기능]을 사용하여 C:/Users/CDH/Desktop/3학년 수강/운영체제에서 C:/Users/CDH/Desktop/새 폴더(으)로 0개의 파일이 ['4주차', 'txt', '1주차', '11주차', '10주차', '2주차']종류별로 정리 되었습니다.
[2022-06-01 18:18:56,072] [파일 정렬 기능]을 사용하여 C:/Users/CDH/Desktop/3학년 수강/운영체제에서 C:/Users/CDH/Desktop/새 폴더(으)로 0개의 파일이 ['11주차', '2주차', 'txt', '4주차', '1주차', '10주차']종류별로 정리 되었습니다.
[2022-06-01 18:19:10,399] [파일 정렬 기능]을 사용하여 C:/Users/CDH/Desktop/3학년 수강/운영체제에서 C:/Users/CDH/Desktop/새 폴더(으)로 0개의 파일이 ['11주차', '2주차', 'txt', '4주차', '1주차', '10주차']종류별로 정리 되었습니다.
[2022-06-01 18:20:28,736] [파일 정렬 기능]을 사용하여 C:/Users/CDH/Desktop/3학년 수강/운영체제에서 C:/Users/CDH/Desktop/새 폴더(으)로 0개의 파일이 ['10주차', '4주차', 'txt', '11주차', '2주차', '1주차']종류별로 정리 되었습니다.
[2022-06-01 18:21:49,293] [파일 정렬 기능]을 사용하여 C:/Users/CDH/Desktop/3학년 수강/운영체제에서 C:/Users/CDH/Desktop/새 폴더(으)로 0개의 파일이 ['10주차', '2주차', 'txt', '1주차', '11주차', '4주차']종류별로 정리 되었습니다.
[2022-06-01 18:26:19,162] [파일 정렬 기능]을 사용하여 C:/Users/CDH/Desktop/3학년 수강/운영체제에서 C:/Users/CDH/Desktop/새 폴더(으)로 0개의 파일이 ['11주차', 'txt', '1주차', '4주차', '2주차', '10주차']종류별로 정리 되었습니다.
[2022-06-01 18:27:46,920] [파일 정렬 기능]을 사용하여 C:/Users/CDH/Desktop/3학년 수강/topcit에서 C:/Users/CDH/Desktop/새 폴더(으)로 0개의 파일이 ['pdf']종류별로 정리 되었습니다.
[2022-06-01 18:30:57,927] [파일 정렬 기능]을 사용하여 C:/Users/CDH/Desktop/3학년 수강/운영체제에서 C:/Users/CDH/Desktop/새 폴더(으)로 0개의 파일이 ['4주차', 'txt', '1주차', '10주차', '2주차', '11주차']종류별로 정리 되었습니다.
[2022-06-01 19:58:34,459] [파일 정렬 기능]을 사용하여 C:/Users/CDH/Desktop/3학년 수강/운영체제에서 C:/Users/CDH/Desktop/새 폴더(으)로 0개의 파일이 ['1주차', 'txt', '10주차', '11주차', '2주차', '4주차']종류별로 정리 되었습니다.
[2022-06-01 20:15:07,450] [파일 정렬 기능]을 사용하여 C:/Users/CDH/Desktop/3학년 수강/운영체제에서 C:/Users/CDH/Desktop/새 폴더(으)로 0개의 파일이 ['txt', '2주차', '4주차', '1주차', '10주차', '11주차']종류별로 정리 되었습니다.
[2022-06-01 20:16:55,047] [파일 정렬 기능]을 사용하여 C:/Users/CDH/Desktop/3학년 수강/운영체제에서 C:/Users/CDH/Desktop/새 폴더(으)로 0개의 파일이 ['4주차', 'txt', '1주차', '2주차', '11주차', '10주차']종류별로 정리 되었습니다.
[2022-06-01 20:18:33,056] [파일 정렬 기능]을 사용하여 C:/Users/CDH/Desktop/3학년 수강/운영체제에서 C:/Users/CDH/Desktop/새 폴더(으)로 0개의 파일이 ['txt', '11주차', '2주차', '4주차', '10주차', '1주차']종류별로 정리 되었습니다.
[2022-06-01 20:19:19,803] [파일 정렬 기능]을 사용하여 C:/Users/CDH/Desktop/3학년 수강/운영체제에서 C:/Users/CDH/Desktop/새 폴더(으)로 0개의 파일이 ['txt', '11주차', '2주차', '4주차', '10주차', '1주차']종류별로 정리 되었습니다.
[2022-06-01 20:20:37,391] [파일 정렬 기능]을 사용하여 C:/Users/CDH/Desktop/3학년 수강/운영체제에서 C:/Users/CDH/Desktop/새 폴더(으)로 0개의 파일이 ['2주차', '4주차', '11주차', '1주차', '10주차', 'txt']종류별로 정리 되었습니다.
[2022-06-01 20:20:50,531] [파일 정렬 기능]을 사용하여 C:/Users/CDH/Desktop/3학년 수강/운영체제에서 C:/Users/CDH/Desktop/새 폴더(으)로 0개의 파일이 ['2주차', '4주차', '11주차', '1주차', '10주차', 'txt']종류별로 정리 되었습니다.
[2022-06-01 20:21:42,132] [파일 정렬 기능]을 사용하여 C:/Users/CDH/Desktop/3학년 수강/운영체제에서 C:/Users/CDH/Desktop/새 폴더(으)로 0개의 파일이 ['4주차', '11주차', '1주차', 'txt', '10주차', '2주차']종류별로 정리 되었습니다.
[2022-06-01 20:22:30,869] [파일 정렬 기능]을 사용하여 C:/Users/CDH/Desktop/3학년 수강/운영체제에서 C:/Users/CDH/Desktop/새 폴더(으)로 0개의 파일이 ['2주차', '11주차', '1주차', 'txt', '4주차', '10주차']종류별로 정리 되었습니다.
[2022-06-01 20:28:37,151] [파일 정렬 기능]을 사용하여 C:/Users/CDH/Desktop/3학년 수강/운영체제에서 C:/Users/CDH/Desktop/새 폴더(으)로 0개의 파일이 ['txt', '4주차', '2주차', '1주차', '10주차', '11주차']종류별로 정리 되었습니다.
[2022-06-01 20:29:26,559] [파일 정렬 기능]을 사용하여 C:/Users/CDH/Desktop/3학년 수강/운영체제에서 C:/Users/CDH/Desktop/새 폴더(으)로 0개의 파일이 ['10주차', 'txt', '1주차', '2주차', '11주차', '4주차']종류별로 정리 되었습니다.
[2022-06-01 20:30:42,303] [파일 정렬 기능]을 사용하여 C:/Users/CDH/Desktop/3학년 수강/운영체제에서 C:/Users/CDH/Desktop/새 폴더(으)로 0개의 파일이 ['11주차', '10주차', 'txt', '4주차', '1주차', '2주차']종류별로 정리 되었습니다.
[2022-06-01 21:05:03,930] [파일 정렬 기능]을 사용하여 C:/Users/CDH/Desktop/3학년 수강/운영체제에서 C:/Users/CDH/Desktop/새 폴더(으)로 0개의 파일이 ['2주차', '4주차', '11주차', '1주차', '10주차', 'txt']종류별로 정리 되었습니다.
[2022-06-01 21:25:09,100] [파일 정렬 기능]을 사용하여 C:/Users/CDH/Desktop/3학년 수강/운영체제에서 C:/Users/CDH/Desktop/새 폴더(으)로 0개의 파일이 ['2주차', '4주차', 'txt', '1주차', '10주차', '11주차']종류별로 정리 되었습니다.
[2022-06-01 21:25:47,575] [파일 정렬 기능]을 사용하여 C:/Users/CDH/Desktop/3학년 수강/운영체제에서 C:/Users/CDH/Desktop/새 폴더(으)로 0개의 파일이 ['2주차', '4주차', 'txt', '1주차', '10주차', '11주차']종류별로 정리 되었습니다.
[2022-06-01 21:26:42,469] [파일 정렬 기능]을 사용하여 C:/Users/CDH/Desktop/3학년 수강/운영체제에서 C:/Users/CDH/Desktop/새 폴더(으)로 0개의 파일이 ['1주차', '11주차', '2주차', '4주차', 'txt', '10주차']종류별로 정리 되었습니다.
[2022-06-01 21:27:43,418] [파일 정렬 기능]을 사용하여 C:/Users/CDH/Desktop/3학년 수강/운영체제에서 C:/Users/CDH/Desktop/새 폴더(으)로 0개의 파일이 ['10주차', '1주차', '11주차', '2주차', 'txt', '4주차']종류별로 정리 되었습니다.
[2022-06-01 21:30:16,103] [파일 정렬 기능]을 사용하여 C:/Users/CDH/Desktop/3학년 수강/운영체제에서 C:/Users/CDH/Desktop/새 폴더(으)로 0개의 파일이 ['txt', '1주차', '11주차', '10주차', '4주차', '2주차']종류별로 정리 되었습니다.
[2022-06-01 21:34:43,677] [파일 정렬 기능]을 사용하여 C:/Users/CDH/Desktop/3학년 수강/운영체제에서 C:/Users/CDH/Desktop/새 폴더(으)로 0개의 파일이 ['11주차', '2주차', '10주차', 'txt', '4주차', '1주차']종류별로 정리 되었습니다.
[2022-06-01 21:35:20,138] [파일 정렬 기능]을 사용하여 C:/Users/CDH/Desktop/3학년 수강/파이썬 테스트용에서 C:/Users/CDH/Desktop/새 폴더(으)로 0개의 파일이 ['build', 'dist', '__pycache__', 'spec']종류별로 정리 되었습니다.
[2022-06-01 21:36:16,787] [파일 정렬 기능]을 사용하여 C:/Users/CDH/Desktop/3학년 수강/운영체제에서 C:/Users/CDH/Desktop/새 폴더(으)로 0개의 파일이 ['4주차', '1주차', 'txt', '10주차', '11주차', '2주차']종류별로 정리 되었습니다.
[2022-06-01 21:39:11,998] [파일 정렬 기능]을 사용하여 C:/Users/CDH/Desktop/3학년 수강/파이썬 테스트용에서 C:/Users/CDH/Desktop/새 폴더(으)로 0개의 파일이 ['spec', 'build', 'dist', '__pycache__']종류별로 정리 되었습니다.
[2022-06-01 21:43:20,982] [파일 정렬 기능]을 사용하여 C:/Users/CDH/Desktop/3학년 수강/운영체제에서 C:/Users/CDH/Desktop/새 폴더(으)로 0개의 파일이 ['txt', '4주차', '2주차', '10주차', 'csv', '1주차', '11주차']종류별로 정리 되었습니다.
[2022-06-01 21:51:39,008] [파일 정렬 기능]을 사용하여 C:/Users/CDH/Desktop/3학년 수강/운영체제에서 C:/Users/CDH/Desktop/새 폴더(으)로 0개의 파일이 ['4주차', 'txt', '10주차', '11주차', '1주차', 'csv', '2주차']종류별로 정리 되었습니다.
[2022-06-01 21:53:18,958] [파일 정렬 기능]을 사용하여 C:/Users/CDH/Desktop/3학년 수강/운영체제에서 C:/Users/CDH/Desktop/새 폴더(으)로 0개의 파일이 ['1주차', '4주차', '10주차', 'csv', '11주차', '2주차', 'txt']종류별로 정리 되었습니다.
[2022-06-01 21:54:26,814] [파일 정렬 기능]을 사용하여 C:/Users/CDH/Desktop/3학년 수강/운영체제에서 C:/Users/CDH/Desktop/새 폴더(으)로 0개의 파일이 ['2주차', '4주차', '1주차', '11주차', '10주차', 'txt', 'csv']종류별로 정리 되었습니다.
[2022-06-01 21:55:54,333] [파일 정렬 기능]을 사용하여 C:/Users/CDH/Desktop/3학년 수강/운영체제에서 C:/Users/CDH/Desktop/새 폴더(으)로 0개의 파일이 ['txt', '4주차', '1주차', '10주차', '11주차', 'csv', '2주차']종류별로 정리 되었습니다.
[2022-06-01 21:56:07,169] [파일 정렬 기능]을 사용하여 C:/Users/CDH/Desktop/3학년 수강/운영체제에서 C:/Users/CDH/Desktop/새 폴더(으)로 0개의 파일이 ['txt', '4주차', '1주차', '10주차', '11주차', 'csv', '2주차']종류별로 정리 되었습니다.
[2022-06-01 22:00:13,790] [파일 정렬 기능]을 사용하여 C:/Users/CDH/Desktop/3학년 수강/운영체제에서 C:/Users/CDH/Desktop/새 폴더(으)로 0개의 파일이 ['txt', '4주차', '10주차', '1주차', '11주차', '2주차', 'csv']종류별로 정리 되었습니다.
[2022-06-01 22:01:25,998] [파일 정렬 기능]을 사용하여 C:/Users/CDH/Desktop/3학년 수강/운영체제에서 C:/Users/CDH/Desktop/새 폴더(으)로 0개의 파일이 ['txt', '10주차', '4주차', '2주차', '1주차', '11주차', 'csv']종류별로 정리 되었습니다.
[2022-06-01 22:03:46,496] [파일 정렬 기능]을 사용하여 C:/Users/CDH/Desktop/3학년 수강/운영체제에서 C:/Users/CDH/Desktop/새 폴더(으)로 0개의 파일이 ['4주차', 'csv', 'txt', '1주차', '10주차', '11주차', '2주차']종류별로 정리 되었습니다.
[2022-06-01 22:03:53,572] [파일 정렬 기능]을 사용하여 C:/Users/CDH/Desktop/3학년 수강/운영체제에서 C:/Users/CDH/Desktop/새 폴더(으)로 0개의 파일이 ['4주차', 'csv', 'txt', '1주차', '10주차', '11주차', '2주차']종류별로 정리 되었습니다.
[2022-06-01 22:06:21,645] [파일 정렬 기능]을 사용하여 C:/Users/CDH/Desktop/3학년 수강/운영체제에서 C:/Users/CDH/Desktop/새 폴더(으)로 0개의 파일이 ['10주차', '1주차', '11주차', '2주차', 'csv', '4주차', 'txt']종류별로 정리 되었습니다.
[2022-06-01 22:09:11,503] [파일 정렬 기능]을 사용하여 C:/Users/CDH/Desktop/3학년 수강/운영체제에서 C:/Users/CDH/Desktop/새 폴더(으)로 0개의 파일이 ['csv', '11주차', '4주차', '1주차', '10주차', '2주차', 'txt']종류별로 정리 되었습니다.
[2022-06-01 22:09:24,352] [파일 정렬 기능]을 사용하여 C:/Users/CDH/Desktop/3학년 수강/운영체제에서 C:/Users/CDH/Desktop/새 폴더(으)로 0개의 파일이 ['csv', '11주차', '4주차', '1주차', '10주차', '2주차', 'txt']종류별로 정리 되었습니다.
[2022-06-01 22:15:40,272] [파일 정렬 기능]을 사용하여 C:/Users/CDH/Desktop/3학년 수강/운영체제에서 C:/Users/CDH/Desktop/새 폴더(으)로 0개의 파일이 ['csv', 'txt', '1주차', '2주차', '10주차', '4주차', '11주차']종류별로 정리 되었습니다.
[2022-06-01 22:19:25,443] [파일 정렬 기능]을 사용하여 C:/Users/CDH/Desktop/3학년 수강/운영체제에서 C:/Users/CDH/Desktop/새 폴더(으)로 0개의 파일이 ['4주차', 'txt', '2주차', '11주차', '1주차', '10주차', 'csv']종류별로 정리 되었습니다.
[2022-06-01 22:20:07,963] [파일 정렬 기능]을 사용하여 C:/Users/CDH/Desktop/3학년 수강/운영체제에서 C:/Users/CDH/Desktop/새 폴더(으)로 0개의 파일이 ['11주차', '2주차', '1주차', '10주차', '4주차', 'csv', 'txt']종류별로 정리 되었습니다.
[2022-06-01 22:20:35,830] [파일 정렬 기능]을 사용하여 C:/Users/CDH/Desktop/3학년 수강/운영체제에서 C:/Users/CDH/Desktop/새 폴더(으)로 0개의 파일이 ['11주차', '10주차', '1주차', '4주차', '2주차', 'txt', 'csv']종류별로 정리 되었습니다.
[2022-06-01 22:21:00,705] [파일 정렬 기능]을 사용하여 C:/Users/CDH/Desktop/3학년 수강/파이썬 테스트용에서 C:/Users/CDH/Desktop/새 폴더(으)로 0개의 파일이 ['dist', '__pycache__', 'build', 'spec']종류별로 정리 되었습니다.
[2022-06-01 22:21:47,257] [파일 정렬 기능]을 사용하여 C:/Users/CDH/Desktop/3학년 수강/운영체제에서 C:/Users/CDH/Desktop/새 폴더(으)로 0개의 파일이 ['2주차', '10주차', 'csv', '1주차', '11주차', 'txt', '4주차']종류별로 정리 되었습니다.
[2022-06-02 12:18:55,457] [파일 정렬 기능]을 사용하여 C:/Users/CDH/Desktop/3학년 수강/xptmxm에서 C:/Users/CDH/Desktop/3학년 수강/이동폴더(으)로 3개의 파일이 ['xlsx', 'txt', 'pub']종류별로 정리 되었습니다.
[2022-06-02 12:19:30,603] [파일 정렬 기능]을 사용하여 C:/Users/CDH/Desktop/3학년 수강/운영체제에서 C:/Users/CDH/Desktop/3학년 수강/이동폴더(으)로 0개의 파일이 ['csv', '11주차', 'txt', '2주차', '1주차', '4주차', '10주차']종류별로 정리 되었습니다.
[2022-06-02 12:30:56,544] [파일 정렬 기능]을 사용하여 C:/Users/CDH/Desktop/3학년 수강/xptmxm에서 C:/Users/CDH/Desktop/3학년 수강/이동폴더(으)로 0개의 파일이 ['txt', 'pub']종류별로 정리 되었습니다.
[2022-06-02 12:34:25,834] [파일 정렬 기능]을 사용하여 C:/Users/CDH/Desktop/3학년 수강/xptmxm에서 C:/Users/CDH/Desktop/3학년 수강/이동폴더(으)로 1개의 파일이 ['txt']종류별로 정리 되었습니다.
[2022-06-02 12:37:52,363] [파일 정렬 기능]을 사용하여 C:/Users/CDH/Desktop/3학년 수강/xptmxm에서 C:/Users/CDH/Desktop/3학년 수강/새 폴더(으)로 2개의 파일이 ['txt', 'docx']종류별로 정리 되었습니다.
[2022-06-02 12:39:48,439] [파일 정렬 기능]을 사용하여 C:/Users/CDH/Desktop/3학년 수강/xptmxm에서 C:/Users/CDH/Desktop/3학년 수강/새 폴더(으)로 2개의 파일이 ['docx', 'txt']종류별로 정리 되었습니다.
[2022-06-02 12:43:23,920] [파일 정렬 기능]을 사용하여 C:/Users/CDH/Desktop/3학년 수강/xptmxm에서 C:/Users/CDH/Desktop/3학년 수강/새 폴더(으)로 2개의 파일이 ['txt', 'xlsx']종류별로 정리 되었습니다.
[2022-06-02 12:44:56,980] [파일 정렬 기능]을 사용하여 C:/Users/CDH/Desktop/3학년 수강/xptmxm에서 C:/Users/CDH/Desktop/3학년 수강/새 폴더(으)로 0개의 파일이 []종류별로 정리 되었습니다.
[2022-06-02 12:47:18,557] [파일 정렬 기능]을 사용하여 C:/Users/CDH/Desktop/3학년 수강/xptmxm에서 C:/Users/CDH/Desktop/3학년 수강/새 폴더(으)로 2개의 파일이 ['rtf', 'pptx']종류별로 정리 되었습니다.
[2022-06-02 12:50:04,423] [파일 정렬 기능]을 사용하여 C:/Users/CDH/Desktop/3학년 수강/xptmxm에서 C:/Users/CDH/Desktop/3학년 수강/새 폴더(으)로 None개의 파일이 ['txt', 'docx']종류별로 정리 되었습니다.
[2022-06-02 12:50:56,667] [파일 정렬 기능]을 사용하여 C:/Users/CDH/Desktop/3학년 수강/xptmxm에서 C:/Users/CDH/Desktop/3학년 수강/새 폴더(으)로 None개의 파일이 ['txt', 'docx']종류별로 정리 되었습니다.
[2022-06-02 12:51:03,197] [파일 정렬 기능]을 사용하여 C:/Users/CDH/Desktop/3학년 수강/xptmxm에서 C:/Users/CDH/Desktop/3학년 수강/새 폴더(으)로 None개의 파일이 ['txt']종류별로 정리 되었습니다.
[2022-06-02 12:52:05,435] [파일 정렬 기능]을 사용하여 C:/Users/CDH/Desktop/3학년 수강/xptmxm에서 C:/Users/CDH/Desktop/3학년 수강/새 폴더(으)로 None개의 파일이 ['pptx', 'accdb']종류별로 정리 되었습니다.
[2022-06-02 12:53:46,760] [파일 정렬 기능]을 사용하여 C:/Users/CDH/Desktop/3학년 수강/xptmxm에서 C:/Users/CDH/Desktop/3학년 수강/새 폴더(으)로 2개의 파일이 ['pptx']종류별로 정리 되었습니다.
[2022-06-02 12:54:52,516] [파일 정렬 기능]을 사용하여 C:/Users/CDH/Desktop/3학년 수강/xptmxm에서 C:/Users/CDH/Desktop/3학년 수강/새 폴더(으)로 None개의 파일이 ['rtf', 'txt']종류별로 정리 되었습니다.
[2022-06-02 12:57:08,181] [파일 정렬 기능]을 사용하여 C:/Users/CDH/Desktop/3학년 수강/xptmxm에서 C:/Users/CDH/Desktop/3학년 수강/새 폴더(으)로 None개의 파일이 ['rtf', 'txt']종류별로 정리 되었습니다.
[2022-06-02 13:02:16,718] [파일 정렬 기능]을 사용하여 C:/Users/CDH/Desktop/3학년 수강/xptmxm에서 C:/Users/CDH/Desktop/3학년 수강/새 폴더(으)로 2개의 파일이 ['pptx', 'txt']종류별로 정리 되었습니다.
[2022-06-02 13:03:59,004] [파일 정렬 기능]을 사용하여 C:/Users/CDH/Desktop/3학년 수강/xptmxm에서 C:/Users/CDH/Desktop/3학년 수강/새 폴더(으)로 0개의 파일이 ['pub', 'accdb']종류별로 정리 되었습니다.
[2022-06-02 13:05:04,722] [파일 정렬 기능]을 사용하여 C:/Users/CDH/Desktop/3학년 수강/xptmxm에서 C:/Users/CDH/Desktop/3학년 수강/새 폴더(으)로 2개의 파일이 ['pub', 'accdb']종류별로 정리 되었습니다.
[2022-06-02 13:10:28,926] [파일 정렬 기능]을 사용하여 C:/Users/CDH/Desktop/3학년 수강/xptmxm에서 C:/Users/CDH/Desktop/3학년 수강/새 폴더(으)로 3개의 파일이 ['txt', 'docx']종류별로 정리 되었습니다.
[2022-06-02 13:12:20,730] [파일 정렬 기능]을 사용하여 C:/Users/CDH/Desktop/3학년 수강/xptmxm에서 C:/Users/CDH/Desktop/3학년 수강/새 폴더(으)로 3개의 파일이 ['docx', 'txt']종류별로 정리 되었습니다.
